Mo	08:17:31:697	US39 welded splice EP04 NF			
Mo	08:17:31:697	ThreadId: 18912	US39 welded splice EP04 NF		
Mo	08:17:31:697	ThreadId: 18912	26	38965	EP04 NF	SEQ 03 04  NF	1.740000	1.370000	0.323000	0	5	1	1.720000	1.360000	0.317000		
Mo	08:17:31:697	ThreadId: 18912	CSharedMemory::Lock entry		
Mo	08:17:34:681	US45 welded splice EP02-AB			
Mo	08:17:34:681	ThreadId: 19880	US45 welded splice EP02-AB		
Mo	08:17:34:681	ThreadId: 19880	11	39772	EP02-AB		1.340000	1.090000	0.337000	0	5	1	1.330000	1.040000	0.332000		
Mo	08:17:34:681	ThreadId: 19880	CSharedMemory::Lock entry		
Mo	08:17:35:165	US56 welded splice SP4-BJ			
Mo	08:17:35:165	ThreadId: 23124	US56 welded splice SP4-BJ		
Mo	08:17:35:165	ThreadId: 23124	5	41045	SP4-BJ	SEQ 3-4-8-BJ	1.240000	0.980000	0.287000	0	5	1	1.280000	1.020000	0.287000		
Mo	08:17:35:165	ThreadId: 23124	CSharedMemory::Lock entry		
Mo	08:17:35:524	US49 welded splice EP04-K			
Mo	08:17:35:524	ThreadId: 18520	US49 welded splice EP04-K		
Mo	08:17:35:524	ThreadId: 18520	3	41044	EP04-K		1.390000	1.110000	0.251000	0	5	1	1.420000	1.130000	0.252000		
Mo	08:17:35:524	ThreadId: 18520	CSharedMemory::Lock entry		
Mo	08:17:38:336	US44 welded splice EP50-JR			
Mo	08:17:38:336	ThreadId: 15668	US44 welded splice EP50-JR		
Mo	08:17:38:336	ThreadId: 15668	30	33450	EP50-JR		2.550000	2.070000	0.404000	0	5	1	2.570000	2.060000	0.393000		
Mo	08:17:38:336	ThreadId: 15668	CSharedMemory::Lock entry		
Mo	08:17:38:899	US52 welded splice EP01N-DB			
Mo	08:17:38:899	ThreadId: 18572	US52 welded splice EP01N-DB		
Mo	08:17:38:899	ThreadId: 18572	9	41041	EP01N-DB	SEQ 01-15 DB	1.690000	1.290000	0.381000	0	5	1	1.660000	1.340000	0.374000		
Mo	08:17:38:899	ThreadId: 18572	CSharedMemory::Lock entry		
Mo	08:17:42:117	US56 welded splice SP8-BJ			
Mo	08:17:42:117	ThreadId: 23124	US56 welded splice SP8-BJ		
Mo	08:17:42:117	ThreadId: 23124	5	41045	SP8-BJ	SEQ 3-4-8-BJ	1.300000	1.010000	0.298000	0	5	1	1.290000	1.010000	0.300000		
Mo	08:17:42:117	ThreadId: 23124	CSharedMemory::Lock entry		
Mo	08:17:44:445	US54 welded splice T0450-FD			
Mo	08:17:44:445	ThreadId: 15444	US54 welded splice T0450-FD		
Mo	08:17:44:445	ThreadId: 15444	2	43348	T0450-FD	SEQ 0440-0450-FD	1.250000	1.010000	0.307000	0	5	1	1.280000	1.000000	0.307000		
Mo	08:17:44:445	ThreadId: 15444	CSharedMemory::Lock entry		
Mo	08:17:45:242	US45 welded splice EP02-AB			
Mo	08:17:45:242	ThreadId: 19880	US45 welded splice EP02-AB		
Mo	08:17:45:242	ThreadId: 19880	11	39772	EP02-AB		1.320000	1.060000	0.338000	0	5	1	1.330000	1.050000	0.332000		
Mo	08:17:45:242	ThreadId: 19880	CSharedMemory::Lock entry		
Mo	08:17:46:601	US49 welded splice EP04-K			
Mo	08:17:46:601	ThreadId: 18520	US49 welded splice EP04-K		
Mo	08:17:46:601	ThreadId: 18520	3	41044	EP04-K		1.430000	1.130000	0.249000	0	5	1	1.410000	1.130000	0.251000		
Mo	08:17:46:601	ThreadId: 18520	CSharedMemory::Lock entry		
Mo	08:17:48:945	US56 welded splice SP3-BJ			
Mo	08:17:48:945	ThreadId: 23124	US56 welded splice SP3-BJ		
Mo	08:17:48:945	ThreadId: 23124	5	41045	SP3-BJ	SEQ 3-4-8-BJ	1.260000	1.010000	0.299000	0	5	1	1.260000	1.010000	0.288000		
Mo	08:17:48:945	ThreadId: 23124	CSharedMemory::Lock entry		
Mo	08:17:53:382	US39 welded splice EP03 NF			
Mo	08:17:53:382	ThreadId: 18912	US39 welded splice EP03 NF		
Mo	08:17:53:382	ThreadId: 18912	26	38965	EP03 NF	SEQ 03 04  NF	1.740000	1.400000	0.319000	0	5	1	1.750000	1.380000	0.324000		
Mo	08:17:53:382	ThreadId: 18912	CSharedMemory::Lock entry		
Mo	08:17:53:585	US44 welded splice EP50-JR			
Mo	08:17:53:585	ThreadId: 15668	US44 welded splice EP50-JR		
Mo	08:17:53:585	ThreadId: 15668	30	33450	EP50-JR		2.530000	2.070000	0.396000	0	5	1	2.570000	2.060000	0.395000		
Mo	08:17:53:585	ThreadId: 15668	CSharedMemory::Lock entry		
Mo	08:17:56:459	US49 welded splice EP04-K			
Mo	08:17:56:459	ThreadId: 18520	US49 welded splice EP04-K		
Mo	08:17:56:459	ThreadId: 18520	3	41044	EP04-K		1.410000	1.140000	0.252000	0	5	1	1.410000	1.130000	0.252000		
Mo	08:17:56:459	ThreadId: 18520	CSharedMemory::Lock entry		
Mo	08:17:57:866	US45 welded splice EP02-AB			
Mo	08:17:57:866	ThreadId: 19880	US45 welded splice EP02-AB		
Mo	08:17:57:866	ThreadId: 19880	11	39772	EP02-AB		1.320000	1.050000	0.335000	0	5	1	1.330000	1.050000	0.332000		
Mo	08:17:57:866	ThreadId: 19880	CSharedMemory::Lock entry		
Mo	08:18:03:021	US52 welded splice EP15N-DB			
Mo	08:18:03:021	ThreadId: 18572	US52 welded splice EP15N-DB		
Mo	08:18:03:021	ThreadId: 18572	9	41041	EP15N-DB	SEQ 01-15 DB	1.660000	1.330000	0.378000	0	5	1	1.670000	1.360000	0.375000		
Mo	08:18:03:021	ThreadId: 18572	CSharedMemory::Lock entry		
Mo	08:18:03:287	US54 welded splice T0440.-FD			
Mo	08:18:03:287	ThreadId: 15444	US54 welded splice T0440.-FD		
Mo	08:18:03:287	ThreadId: 15444	2	43348	T0440.-FD	SEQ 0440-0450-FD	1.410000	1.100000	0.332000	0	5	1	1.410000	1.110000	0.331000		
Mo	08:18:03:287	ThreadId: 15444	CSharedMemory::Lock entry		
Mo	08:18:03:615	US56 welded splice SP4-BJ			
Mo	08:18:03:615	ThreadId: 23124	US56 welded splice SP4-BJ		
Mo	08:18:03:615	ThreadId: 23124	5	41045	SP4-BJ	SEQ 3-4-8-BJ	1.280000	1.010000	0.286000	0	5	1	1.260000	1.000000	0.286000		
Mo	08:18:03:615	ThreadId: 23124	CSharedMemory::Lock entry		
Mo	08:18:06:115	US49 welded splice EP04-K			
Mo	08:18:06:115	ThreadId: 18520	US49 welded splice EP04-K		
Mo	08:18:06:115	ThreadId: 18520	3	41044	EP04-K		1.400000	1.140000	0.249000	0	5	1	1.400000	1.130000	0.251000		
Mo	08:18:06:115	ThreadId: 18520	CSharedMemory::Lock entry		
Mo	08:18:08:739	US56 welded splice SP8-BJ			
Mo	08:18:08:739	ThreadId: 23124	US56 welded splice SP8-BJ		
Mo	08:18:08:739	ThreadId: 23124	5	41045	SP8-BJ	SEQ 3-4-8-BJ	1.320000	1.030000	0.296000	0	5	1	1.290000	1.010000	0.300000		
Mo	08:18:08:739	ThreadId: 23124	CSharedMemory::Lock entry		
Mo	08:18:09:942	US41 welded splice EP42-JR			
Mo	08:18:09:942	ThreadId: 9444	US41 welded splice EP42-JR		
Mo	08:18:09:942	ThreadId: 9444	27	38967	EP42-JR		2.690000	2.230000	0.416000	0	5	1	2.740000	2.230000	0.417000		
Mo	08:18:09:942	ThreadId: 9444	CSharedMemory::Lock entry		
Mo	08:18:14:301	US56 welded splice SP3-BJ			
Mo	08:18:14:301	ThreadId: 23124	US56 welded splice SP3-BJ		
Mo	08:18:14:301	ThreadId: 23124	5	41045	SP3-BJ	SEQ 3-4-8-BJ	1.260000	1.000000	0.286000	0	5	1	1.270000	1.010000	0.291000		
Mo	08:18:14:301	ThreadId: 23124	CSharedMemory::Lock entry		
Mo	08:18:14:708	US52 welded splice EP01N-DB			
Mo	08:18:14:708	ThreadId: 18572	US52 welded splice EP01N-DB		
Mo	08:18:14:708	ThreadId: 18572	9	41041	EP01N-DB	SEQ 01-15 DB	1.660000	1.290000	0.366000	0	5	1	1.670000	1.330000	0.374000		
Mo	08:18:14:708	ThreadId: 18572	CSharedMemory::Lock entry		
Mo	08:18:17:692	US49 welded splice EP04-K			
Mo	08:18:17:692	ThreadId: 18520	US49 welded splice EP04-K		
Mo	08:18:17:692	ThreadId: 18520	3	41044	EP04-K		1.410000	1.120000	0.255000	0	5	1	1.410000	1.130000	0.251000		
Mo	08:18:17:692	ThreadId: 18520	CSharedMemory::Lock entry		
Mo	08:18:20:238	US44 welded splice EP50-JR			
Mo	08:18:20:238	ThreadId: 15668	US44 welded splice EP50-JR		
Mo	08:18:20:238	ThreadId: 15668	30	33450	EP50-JR		2.580000	2.070000	0.391000	0	5	1	2.560000	2.060000	0.395000		
Mo	08:18:20:238	ThreadId: 15668	CSharedMemory::Lock entry		
Mo	08:18:22:707	US54 welded splice T0450-FD			
Mo	08:18:22:707	ThreadId: 15444	US54 welded splice T0450-FD		
Mo	08:18:22:707	ThreadId: 15444	2	43348	T0450-FD	SEQ 0440-0450-FD	1.290000	1.000000	0.314000	0	5	1	1.270000	1.000000	0.306000		
Mo	08:18:22:707	ThreadId: 15444	CSharedMemory::Lock entry		
Mo	08:18:23:129	US39 welded splice EP04 NF			
Mo	08:18:23:129	ThreadId: 18912	US39 welded splice EP04 NF		
Mo	08:18:23:129	ThreadId: 18912	26	38965	EP04 NF	SEQ 03 04  NF	1.710000	1.380000	0.312000	0	5	1	1.720000	1.370000	0.319000		
Mo	08:18:23:129	ThreadId: 18912	CSharedMemory::Lock entry		
Mo	08:18:25:128	US56 welded splice SP4-BJ			
Mo	08:18:25:128	ThreadId: 23124	US56 welded splice SP4-BJ		
Mo	08:18:25:128	ThreadId: 23124	5	41045	SP4-BJ	SEQ 3-4-8-BJ	1.270000	1.000000	0.302000	0	5	1	1.270000	1.010000	0.288000		
Mo	08:18:25:128	ThreadId: 23124	CSharedMemory::Lock entry		
Mo	08:18:29:628	US49 welded splice EP04-K			
Mo	08:18:29:628	ThreadId: 18520	US49 welded splice EP04-K		
Mo	08:18:29:628	ThreadId: 18520	3	41044	EP04-K		1.440000	1.120000	0.260000	0	5	1	1.410000	1.130000	0.251000		
Mo	08:18:29:628	ThreadId: 18520	CSharedMemory::Lock entry		
Mo	08:18:31:081	US45 welded splice EP02-AB			
Mo	08:18:31:081	ThreadId: 19880	US45 welded splice EP02-AB		
Mo	08:18:31:081	ThreadId: 19880	11	39772	EP02-AB		1.360000	1.060000	0.335000	0	5	1	1.320000	1.050000	0.330000		
Mo	08:18:31:081	ThreadId: 19880	CSharedMemory::Lock entry		
Mo	08:18:32:143	US56 welded splice SP8-BJ			
Mo	08:18:32:143	ThreadId: 23124	US56 welded splice SP8-BJ		
Mo	08:18:32:143	ThreadId: 23124	5	41045	SP8-BJ	SEQ 3-4-8-BJ	1.290000	1.020000	0.297000	0	5	1	1.300000	1.020000	0.299000		
Mo	08:18:32:143	ThreadId: 23124	CSharedMemory::Lock entry		
Mo	08:18:32:628	US52 welded splice EP15N-DB			
Mo	08:18:32:628	ThreadId: 18572	US52 welded splice EP15N-DB		
Mo	08:18:32:628	ThreadId: 18572	9	41041	EP15N-DB	SEQ 01-15 DB	1.700000	1.350000	0.367000	0	5	1	1.670000	1.350000	0.377000		
Mo	08:18:32:628	ThreadId: 18572	CSharedMemory::Lock entry		
Mo	08:18:34:737	US44 welded splice EP50-JR			
Mo	08:18:34:737	ThreadId: 15668	US44 welded splice EP50-JR		
Mo	08:18:34:737	ThreadId: 15668	30	33450	EP50-JR		2.550000	2.080000	0.393000	0	5	1	2.570000	2.070000	0.394000		
Mo	08:18:34:737	ThreadId: 15668	CSharedMemory::Lock entry		
Mo	08:18:37:486	US56 welded splice SP3-BJ			
Mo	08:18:37:486	ThreadId: 23124	US56 welded splice SP3-BJ		
Mo	08:18:37:486	ThreadId: 23124	5	41045	SP3-BJ	SEQ 3-4-8-BJ	1.270000	1.020000	0.288000	0	5	1	1.260000	1.010000	0.290000		
Mo	08:18:37:486	ThreadId: 23124	CSharedMemory::Lock entry		
Mo	08:18:40:236	US49 welded splice EP04-K			
Mo	08:18:40:236	ThreadId: 18520	US49 welded splice EP04-K		
Mo	08:18:40:236	ThreadId: 18520	3	41044	EP04-K		1.380000	1.140000	0.248000	0	5	1	1.420000	1.130000	0.253000		
Mo	08:18:40:236	ThreadId: 18520	CSharedMemory::Lock entry
Mo	07:56:31:965	US49 welded splice EP04-K			
Mo	07:56:31:965	ThreadId: 18520	US49 welded splice EP04-K		
Mo	07:56:31:965	ThreadId: 18520	3	41044	EP04-K		1.430000	1.130000	0.255000	0	5	1	1.410000	1.130000	0.251000		
Mo	07:56:31:965	ThreadId: 18520	CSharedMemory::Lock entry		
Mo	07:56:32:855	US33 welded splice EP04-KH			
Mo	07:56:32:855	ThreadId: 19108	US33 welded splice EP04-KH		
Mo	07:56:32:855	ThreadId: 19108	34	33	EP04-KH		1.380000	1.210000	0.344000	0	5	1	1.400000	1.210000	0.352000		
Mo	07:56:32:855	ThreadId: 19108	CSharedMemory::Lock entry		
Mo	07:56:34:636	US42 welded splice EP13N-DB			
Mo	07:56:34:636	ThreadId: 20776	US42 welded splice EP13N-DB		
Mo	07:56:34:636	ThreadId: 20776	25	20	EP13N-DB		1.500000	1.160000	0.315000	0	5	1	1.470000	1.140000	0.313000		
Mo	07:56:34:636	ThreadId: 20776	CSharedMemory::Lock entry		
Mo	07:56:41:745	US56 welded splice SP3-BJ			
Mo	07:56:41:745	ThreadId: 23124	US56 welded splice SP3-BJ		
Mo	07:56:41:745	ThreadId: 23124	5	41045	SP3-BJ	SEQ 3-4-8-BJ	1.280000	1.010000	0.285000	0	5	1	1.270000	1.000000	0.286000		
Mo	07:56:41:745	ThreadId: 23124	CSharedMemory::Lock entry	
Mo	07:56:42:229	US54 welded splice T0440.-FD			
Mo	07:56:42:229	ThreadId: 15444	US54 welded splice T0440.-FD		
Mo	07:56:42:229	ThreadId: 15444	2	43348	T0440.-FD	SEQ 0440-0450-FD	1.390000	1.110000	0.340000	0	5	1	1.390000	1.100000	0.335000		
Mo	07:56:42:229	ThreadId: 15444	CSharedMemory::Lock entry		
Mo	07:56:42:964	US49 welded splice EP04-K			
Mo	07:56:42:964	ThreadId: 18520	US49 welded splice EP04-K		
Mo	07:56:42:964	ThreadId: 18520	3	41044	EP04-K		1.420000	1.100000	0.254000	0	5	1	1.410000	1.130000	0.252000		
Mo	07:56:42:964	ThreadId: 18520	CSharedMemory::Lock entry		
Mo	07:56:42:995	US44 welded splice EP50-JR			
Mo	07:56:42:995	ThreadId: 15668	US44 welded splice EP50-JR		
Mo	07:56:42:995	ThreadId: 15668	30	33450	EP50-JR		2.550000	2.020000	0.395000	0	5	1	2.540000	2.100000	0.399000		
Mo	07:56:42:995	ThreadId: 15668	CSharedMemory::Lock entry		
Mo	07:56:48:369	US33 welded splice EP04-KH			
Mo	07:56:48:369	ThreadId: 19108	US33 welded splice EP04-KH		
Mo	07:56:48:369	ThreadId: 19108	34	33	EP04-KH		1.460000	1.250000	0.355000	0	5	1	1.390000	1.210000	0.348000		
Mo	07:56:48:369	ThreadId: 19108	CSharedMemory::Lock entry		
Mo	07:56:48:744	US38 welded splice EP34--JR			
Mo	07:56:48:744	ThreadId: 20832	US38 welded splice EP34--JR		
Mo	07:56:48:744	ThreadId: 20832	16	38963	EP34--JR		1.720000	1.340000	0.387000	0	5	1	1.750000	1.350000	0.396000		
Mo	07:56:48:744	ThreadId: 20832	CSharedMemory::Lock entry		
Mo	07:56:49:713	US45 welded splice EP08-BD			
Mo	07:56:49:713	ThreadId: 19880	US45 welded splice EP08-BD		
Mo	07:56:49:713	ThreadId: 19880	11	39772	EP08-BD		1.310000	1.030000	0.310000	0	5	1	1.310000	1.040000	0.317000		
Mo	07:56:49:713	ThreadId: 19880	CSharedMemory::Lock entry		
Mo	07:56:54:134	US49 welded splice EP04-K			
Mo	07:56:54:134	ThreadId: 18520	US49 welded splice EP04-K		
Mo	07:56:54:134	ThreadId: 18520	3	41044	EP04-K		1.410000	1.130000	0.255000	0	5	1	1.420000	1.130000	0.252000		
Mo	07:56:54:134	ThreadId: 18520	CSharedMemory::Lock entry		
Mo	07:56:58:634	US54 welded splice T0450-FD			
Mo	07:56:58:634	ThreadId: 15444	US54 welded splice T0450-FD		
Mo	07:56:58:634	ThreadId: 15444	2	43348	T0450-FD	SEQ 0440-0450-FD	1.260000	1.000000	0.310000	0	5	1	1.280000	1.010000	0.310000		
Mo	07:56:58:634	ThreadId: 15444	CSharedMemory::Lock entry		
Mo	07:57:01:665	US41 welded splice EP42-JR			
Mo	07:57:01:665	ThreadId: 9444	US41 welded splice EP42-JR		
Mo	07:57:01:665	ThreadId: 9444	27	38967	EP42-JR		2.680000	2.250000	0.413000	0	5	1	2.730000	2.190000	0.398000		
Mo	07:57:01:665	ThreadId: 9444	CSharedMemory::Lock entry		
Mo	07:57:01:665	ThreadId: 9444	Send response to client		
Mo	07:57:02:212	US33 welded splice EP04-KH			
Mo	07:57:02:212	ThreadId: 19108	US33 welded splice EP04-KH		
Mo	07:57:02:212	ThreadId: 19108	34	33	EP04-KH		1.400000	1.220000	0.338000	0	5	1	1.410000	1.220000	0.349000		
Mo	07:57:02:212	ThreadId: 19108	CSharedMemory::Lock entry	
Mo	13:26:50:356	US55 welded splice SP2-FA with error 209			
Mo	13:27:19:322	US55 welded splice SP2-FA			
Mo	13:27:19:322	ThreadId: 24168	US55 welded splice SP2-FA		
Mo	13:27:19:322	ThreadId: 24168	1	43359	SP2-FA		14.740000	14.520000	0.390000	0	5	1	14.760000	14.550000	0.402000		
Mo	13:27:19:322	ThreadId: 24168	CSharedMemory::Lock entry	
Mo	13:27:50:356	ThreadId: 24168	US55 welded splice SP2-FA with error 209		
Mo	13:27:50:356	ThreadId: 24168	1	43359	SP2-FA		14.770000	14.470000	0.408000	209	5	1	14.760000	14.550000	0.402000		
Mo	13:27:50:356	ThreadId: 24168	CSharedMemory::Lock entry
Mo	13:28:19:322	ThreadId: 24168	US55 welded splice SP2-FA		
Mo	13:28:19:322	ThreadId: 24168	1	43359	SP2-FA		14.740000	14.520000	0.390000	0	5	1	14.760000	14.550000	0.402000		
Mo	13:28:19:322	ThreadId: 24168	CSharedMemory::Lock entry
				
